\BOOKMARK [1][-]{section.1}{\376\377\000I\000n\000t\000r\000o\000d\000u\000z\000i\000o\000n\000e}{}% 1
\BOOKMARK [1][-]{section.2}{\376\377\000E\000s\000e\000c\000u\000z\000i\000o\000n\000e\000\040\000p\000r\000e\000l\000i\000m\000i\000n\000a\000r\000e}{}% 2
\BOOKMARK [2][-]{subsection.2.1}{\376\377\000P\000r\000i\000m\000a\000\040\000e\000s\000e\000c\000u\000z\000i\000o\000n\000e}{section.2}% 3
\BOOKMARK [3][-]{subsubsection.2.1.1}{\376\377\000S\000t\000i\000m\000a\000\040\000d\000i\000\040}{subsection.2.1}% 4
\BOOKMARK [3][-]{subsubsection.2.1.2}{\376\377\000R\000i\000s\000u\000l\000t\000a\000t\000o}{subsection.2.1}% 5
\BOOKMARK [2][-]{subsection.2.2}{\376\377\000S\000e\000c\000o\000n\000d\000a\000\040\000e\000s\000e\000c\000u\000z\000i\000o\000n\000e}{section.2}% 6
\BOOKMARK [3][-]{subsubsection.2.2.1}{\376\377\000S\000t\000i\000m\000a\000\040\000d\000i\000\040}{subsection.2.2}% 7
\BOOKMARK [3][-]{subsubsection.2.2.2}{\376\377\000R\000i\000s\000u\000l\000t\000a\000t\000o}{subsection.2.2}% 8
\BOOKMARK [1][-]{section.3}{\376\377\000C\000o\000n\000f\000r\000o\000n\000t\000o\000\040\000t\000r\000a\000\040\000g\000r\000a\000d\000i\000e\000n\000t\000e\000\040\000c\000o\000n\000i\000u\000g\000a\000t\000o\000\040\000e\000\040\000m\000e\000t\000o\000d\000o\000\040\000d\000e\000l\000\040\000g\000r\000a\000d\000i\000e\000n\000t\000e}{}% 9
\BOOKMARK [2][-]{subsection.3.1}{\376\377\000P\000r\000i\000m\000a\000\040\000e\000s\000e\000c\000u\000z\000i\000o\000n\000e}{section.3}% 10
\BOOKMARK [2][-]{subsection.3.2}{\376\377\000S\000e\000c\000o\000n\000d\000a\000\040\000e\000s\000e\000c\000u\000z\000i\000o\000n\000e}{section.3}% 11
\BOOKMARK [1][-]{section.4}{\376\377\000S\000e\000m\000i\000-\000c\000o\000n\000v\000e\000r\000g\000e\000n\000z\000a}{}% 12
\BOOKMARK [2][-]{subsection.4.1}{\376\377\000A\000n\000a\000l\000i\000s\000i\000\040\000c\000o\000n\000\040\000r\000u\000m\000o\000r\000e}{section.4}% 13
\BOOKMARK [3][-]{subsubsection.4.1.1}{\376\377\000M\000e\000t\000o\000d\000o\000\040\000n\000a\000i\000v\000e}{subsection.4.1}% 14
\BOOKMARK [3][-]{subsubsection.4.1.2}{\376\377\000R\000e\000g\000o\000l\000a\000r\000i\000z\000z\000a\000z\000i\000o\000n\000e\000\040\000d\000i\000\040\000T\000i\000k\000h\000o\000n\000o\000v}{subsection.4.1}% 15
\BOOKMARK [3][-]{subsubsection.4.1.3}{\376\377\000R\000e\000g\000o\000l\000a\000r\000i\000z\000z\000a\000z\000i\000o\000n\000e\000\040\000t\000r\000a\000m\000i\000t\000e\000\040\000v\000a\000r\000i\000a\000z\000i\000o\000n\000e\000\040\000t\000o\000t\000a\000l\000e}{subsection.4.1}% 16
\BOOKMARK [3][-]{subsubsection.4.1.4}{\376\377\000C\000o\000n\000s\000i\000d\000e\000r\000a\000z\000i\000o\000n\000i\000\040\000f\000i\000n\000a\000l\000i}{subsection.4.1}% 17
\BOOKMARK [2][-]{subsection.4.2}{\376\377\000A\000n\000a\000l\000i\000s\000i\000\040\000s\000e\000n\000z\000a\000\040\000r\000u\000m\000o\000r\000e}{section.4}% 18
\BOOKMARK [1][-]{section.5}{\376\377\000R\000i\000s\000u\000l\000t\000a\000t\000i\000\040\000s\000u\000\040\000e\000s\000e\000c\000u\000z\000i\000o\000n\000i\000\040\000m\000u\000l\000t\000i\000p\000l\000e}{}% 19
\BOOKMARK [2][-]{subsection.5.1}{\376\377\000E\000s\000e\000c\000u\000z\000i\000o\000n\000i\000\040\000s\000u\000\040\000u\000n\000\040\000d\000a\000t\000a\000s\000e\000t\000\040\000g\000e\000n\000e\000r\000a\000t\000o\000\040\000c\000a\000s\000u\000a\000l\000m\000e\000n\000t\000e}{section.5}% 20
\BOOKMARK [2][-]{subsection.5.2}{\376\377\000E\000s\000e\000c\000u\000z\000i\000o\000n\000i\000\040\000s\000u\000l\000\040\000d\000a\000t\000a\000s\000e\000t}{section.5}% 21
\BOOKMARK [1][-]{section.6}{\376\377\000A\000p\000p\000l\000i\000c\000a\000z\000i\000o\000n\000e\000\040\000s\000u\000\040\000i\000m\000m\000a\000g\000i\000n\000i\000\040\000r\000e\000a\000l\000i}{}% 22
\BOOKMARK [1][-]{section.7}{\376\377\000C\000o\000n\000c\000l\000u\000s\000i\000o\000n\000i}{}% 23
\BOOKMARK [2][-]{subsection.7.1}{\376\377\000M\000e\000t\000o\000d\000o\000\040\000n\000a\000i\000v\000e}{section.7}% 24
\BOOKMARK [2][-]{subsection.7.2}{\376\377\000R\000e\000g\000o\000l\000a\000r\000i\000z\000z\000a\000z\000i\000o\000n\000e\000\040\000d\000i\000\040\000T\000i\000k\000h\000o\000n\000o\000v}{section.7}% 25
\BOOKMARK [2][-]{subsection.7.3}{\376\377\000R\000e\000g\000o\000l\000a\000r\000i\000z\000z\000a\000z\000i\000o\000n\000e\000\040\000t\000r\000a\000m\000i\000t\000e\000\040\000v\000a\000r\000i\000a\000z\000i\000o\000n\000e\000\040\000t\000o\000t\000a\000l\000e}{section.7}% 26
\BOOKMARK [1][-]{section.8}{\376\377\000B\000i\000b\000l\000i\000o\000g\000r\000a\000f\000i\000a}{}% 27
